MyCityView/build/outputs/logs/manifest-merger-debug-report.txt
-- Merging decision tree log ---
manifest
ADDED from AndroidManifest.xml:2:1
	package
		ADDED from AndroidManifest.xml:3:5
	android:versionName
		ADDED from AndroidManifest.xml:5:5
	android:versionCode
		ADDED from AndroidManifest.xml:4:5
		INJECTED from AndroidManifest.xml:0:0
		INJECTED from AndroidManifest.xml:0:0
	xmlns:android
		ADDED from AndroidManifest.xml:2:11
uses-permission#android.permission.INTERNET
ADDED from AndroidManifest.xml:7:5
	android:name
		ADDED from AndroidManifest.xml:7:22
uses-permission#android.permission.ACCESS_NETWORK_STATE
ADDED from AndroidManifest.xml:8:5
	android:name
		ADDED from AndroidManifest.xml:8:22
uses-permission#android.permission.WRITE_EXTERNAL_STORAGE
ADDED from AndroidManifest.xml:9:5
	android:name
		ADDED from AndroidManifest.xml:9:22
uses-permission#com.google.android.providers.gsf.permission.READ_GSERVICES
ADDED from AndroidManifest.xml:10:5
	android:name
		ADDED from AndroidManifest.xml:10:22
uses-permission#android.permission.ACCESS_COARSE_LOCATION
ADDED from AndroidManifest.xml:11:5
	android:name
		ADDED from AndroidManifest.xml:11:22
uses-permission#android.permission.ACCESS_FINE_LOCATION
ADDED from AndroidManifest.xml:12:5
	android:name
		ADDED from AndroidManifest.xml:12:22
uses-sdk
ADDED from AndroidManifest.xml:15:5
MERGED from Repository:google-play-services_lib:unspecified:20:5
	android:targetSdkVersion
		ADDED from AndroidManifest.xml:17:9
	android:minSdkVersion
		ADDED from AndroidManifest.xml:16:9
uses-feature#0x00020000
ADDED from AndroidManifest.xml:19:5
	android:glEsVersion
		ADDED from AndroidManifest.xml:20:9
	android:required
		ADDED from AndroidManifest.xml:21:9
application
ADDED from AndroidManifest.xml:23:5
MERGED from Repository:google-play-services_lib:unspecified:22:5
	android:label
		ADDED from AndroidManifest.xml:26:9
	android:allowBackup
		ADDED from AndroidManifest.xml:24:9
	android:icon
		ADDED from AndroidManifest.xml:25:9
	android:theme
		ADDED from AndroidManifest.xml:27:9
meta-data#com.google.android.gms.version
ADDED from AndroidManifest.xml:28:9
MERGED from Repository:google-play-services_lib:unspecified:23:9
	android:value
		ADDED from AndroidManifest.xml:30:13
	android:name
		ADDED from AndroidManifest.xml:29:13
meta-data#com.google.android.maps.v2.API_KEY
ADDED from AndroidManifest.xml:31:9
	android:value
		ADDED from AndroidManifest.xml:33:13
	android:name
		ADDED from AndroidManifest.xml:32:13
activity#co.com.mycityview.MainActivity
ADDED from AndroidManifest.xml:35:9
	android:label
		ADDED from AndroidManifest.xml:37:13
	android:name
		ADDED from AndroidManifest.xml:36:13
intent-filter#android.intent.action.MAIN+android.intent.category.LAUNCHER
ADDED from AndroidManifest.xml:38:13
action#android.intent.action.MAIN
ADDED from AndroidManifest.xml:39:17
	android:name
		ADDED from AndroidManifest.xml:39:25
category#android.intent.category.LAUNCHER
ADDED from AndroidManifest.xml:40:17
	android:name
		ADDED from AndroidManifest.xml:40:27
activity#co.com.mycityview.OptionMainActivity
ADDED from AndroidManifest.xml:43:9
	android:label
		ADDED from AndroidManifest.xml:45:13
	android:name
		ADDED from AndroidManifest.xml:44:13